mode: atomic
github.com/redbeestudios/go-seed/pkg/env.go:22.38,23.53 1 2
github.com/redbeestudios/go-seed/pkg/env.go:27.2,30.3 1 2
github.com/redbeestudios/go-seed/pkg/env.go:23.53,25.3 1 0
github.com/redbeestudios/go-seed/pkg/env.go:33.30,35.2 1 4
github.com/redbeestudios/go-seed/pkg/url.go:15.10,16.55 1 0
github.com/redbeestudios/go-seed/pkg/url.go:16.55,18.3 1 0
github.com/redbeestudios/go-seed/pkg/url.go:18.8,20.3 1 0
github.com/redbeestudios/go-seed/pkg/url.go:26.19,29.18 2 0
github.com/redbeestudios/go-seed/pkg/url.go:33.2,33.17 1 0
github.com/redbeestudios/go-seed/pkg/url.go:29.18,31.3 1 0
github.com/redbeestudios/go-seed/internal/application/model/pokemon/pokemon.go:9.65,11.2 1 1
github.com/redbeestudios/go-seed/internal/application/model/pokemon/pokemon.go:13.31,15.2 1 1
github.com/redbeestudios/go-seed/internal/application/model/pokemon/pokemon.go:17.28,19.2 1 1
github.com/redbeestudios/go-seed/internal/application/model/pokemon/pokemon.go:21.33,23.2 1 1
github.com/redbeestudios/go-seed/internal/application/model/pokemon/pokemon_type.go:19.55,20.44 1 3
github.com/redbeestudios/go-seed/internal/application/model/pokemon/pokemon_type.go:23.2,23.64 1 1
github.com/redbeestudios/go-seed/internal/application/model/pokemon/pokemon_type.go:20.44,22.3 1 2
github.com/redbeestudios/go-seed/internal/application/model/pokemon/pokemon_type.go:26.31,28.2 1 5
github.com/redbeestudios/go-seed/internal/application/model/pokemon/pokemon_type.go:31.52,33.16 2 1
github.com/redbeestudios/go-seed/internal/application/model/pokemon/pokemon_type.go:36.2,36.10 1 1
github.com/redbeestudios/go-seed/internal/application/model/pokemon/pokemon_type.go:33.16,34.13 1 0
github.com/redbeestudios/go-seed/internal/application/usecase/pokemon/get_by_name.go:17.71,21.2 1 3
github.com/redbeestudios/go-seed/internal/application/usecase/pokemon/get_by_name.go:23.85,25.2 1 2
github.com/redbeestudios/go-seed/internal/adapter/controller/pokemon/controller.go:15.77,19.2 1 2
github.com/redbeestudios/go-seed/internal/adapter/controller/pokemon/controller.go:24.3,28.16 3 1
github.com/redbeestudios/go-seed/internal/adapter/controller/pokemon/controller.go:33.2,34.16 2 1
github.com/redbeestudios/go-seed/internal/adapter/controller/pokemon/controller.go:41.2,41.20 1 1
github.com/redbeestudios/go-seed/internal/adapter/controller/pokemon/controller.go:46.2,47.16 2 1
github.com/redbeestudios/go-seed/internal/adapter/controller/pokemon/controller.go:52.2,53.20 2 1
github.com/redbeestudios/go-seed/internal/adapter/controller/pokemon/controller.go:28.16,31.3 2 0
github.com/redbeestudios/go-seed/internal/adapter/controller/pokemon/controller.go:34.16,37.3 2 0
github.com/redbeestudios/go-seed/internal/adapter/controller/pokemon/controller.go:41.20,44.3 2 0
github.com/redbeestudios/go-seed/internal/adapter/controller/pokemon/controller.go:47.16,50.3 2 0
github.com/redbeestudios/go-seed/internal/adapter/controller/pokemon/dto.go:11.60,17.2 1 2
